[2025-11-09 14:46:09,483: INFO/MainProcess] Connected to redis://redis:6379/0
[2025-11-09 14:46:09,486: INFO/MainProcess] mingle: searching for neighbors
[2025-11-09 14:46:10,496: INFO/MainProcess] mingle: all alone
[2025-11-09 14:46:10,512: INFO/MainProcess] celery@167ad8a61bff ready.
[2025-11-09 14:46:10,516: INFO/MainProcess] Task modules.tasks.dbackup_task[2119a32c-8ec7-400c-8011-7c3f979e425f] received
[2025-11-09 14:46:10,553: WARNING/ForkPoolWorker-7] Writing dump to database-2025-11-09-14-46-10.json (utf-8)...
[2025-11-09 14:46:10,610: ERROR/ForkPoolWorker-7] Task modules.tasks.dbackup_task[2119a32c-8ec7-400c-8011-7c3f979e425f] raised unexpected: CommandError('Unable to serialize database: cursor "_django_curs_140108182154112_sync_1" does not exist\n')
Traceback (most recent call last):
  File "/usr/local/lib/python3.12/site-packages/django/db/backends/utils.py", line 105, in _execute
    return self.cursor.execute(sql, params)
           ^^^^^^^^^^^^^^^^^^^^^^^^^^^^^^^^
psycopg2.errors.UndefinedTable: relation "auth_permission" does not exist
LINE 1: ...ntent_type_id", "auth_permission"."codename" FROM "auth_perm...
                                                             ^


The above exception was the direct cause of the following exception:

Traceback (most recent call last):
  File "/usr/local/lib/python3.12/site-packages/django/db/models/sql/compiler.py", line 1623, in execute_sql
    cursor.execute(sql, params)
  File "/usr/local/lib/python3.12/site-packages/django/db/backends/utils.py", line 122, in execute
    return super().execute(sql, params)
           ^^^^^^^^^^^^^^^^^^^^^^^^^^^^
  File "/usr/local/lib/python3.12/site-packages/django/db/backends/utils.py", line 79, in execute
    return self._execute_with_wrappers(
           ^^^^^^^^^^^^^^^^^^^^^^^^^^^^
  File "/usr/local/lib/python3.12/site-packages/django/db/backends/utils.py", line 92, in _execute_with_wrappers
    return executor(sql, params, many, context)
           ^^^^^^^^^^^^^^^^^^^^^^^^^^^^^^^^^^^^
  File "/usr/local/lib/python3.12/site-packages/django/db/backends/utils.py", line 100, in _execute
    with self.db.wrap_database_errors:
         ^^^^^^^^^^^^^^^^^^^^^^^^^^^^
  File "/usr/local/lib/python3.12/site-packages/django/db/utils.py", line 91, in __exit__
    raise dj_exc_value.with_traceback(traceback) from exc_value
  File "/usr/local/lib/python3.12/site-packages/django/db/backends/utils.py", line 105, in _execute
    return self.cursor.execute(sql, params)
           ^^^^^^^^^^^^^^^^^^^^^^^^^^^^^^^^
django.db.utils.ProgrammingError: relation "auth_permission" does not exist
LINE 1: ...ntent_type_id", "auth_permission"."codename" FROM "auth_perm...
                                                             ^


During handling of the above exception, another exception occurred:

Traceback (most recent call last):
  File "/usr/local/lib/python3.12/site-packages/django/core/management/commands/dumpdata.py", line 269, in handle
    serializers.serialize(
  File "/usr/local/lib/python3.12/site-packages/django/core/serializers/__init__.py", line 134, in serialize
    s.serialize(queryset, **options)
  File "/usr/local/lib/python3.12/site-packages/django/core/serializers/base.py", line 109, in serialize
    for count, obj in enumerate(queryset, start=1):
                      ^^^^^^^^^^^^^^^^^^^^^^^^^^^^
  File "/usr/local/lib/python3.12/site-packages/django/core/management/commands/dumpdata.py", line 226, in get_objects
    yield from queryset.iterator(chunk_size=chunk_size)
  File "/usr/local/lib/python3.12/site-packages/django/db/models/query.py", line 502, in _iterator
    yield from iterable
  File "/usr/local/lib/python3.12/site-packages/django/db/models/query.py", line 91, in __iter__
    results = compiler.execute_sql(
              ^^^^^^^^^^^^^^^^^^^^^
  File "/usr/local/lib/python3.12/site-packages/django/db/models/sql/compiler.py", line 1626, in execute_sql
    cursor.close()
psycopg2.errors.InvalidCursorName: cursor "_django_curs_140108182154112_sync_1" does not exist


During handling of the above exception, another exception occurred:

Traceback (most recent call last):
  File "/usr/local/lib/python3.12/site-packages/celery/app/trace.py", line 453, in trace_task
    R = retval = fun(*args, **kwargs)
                 ^^^^^^^^^^^^^^^^^^^^
  File "/usr/local/lib/python3.12/site-packages/celery/app/trace.py", line 736, in __protected_call__
    return self.run(*args, **kwargs)
           ^^^^^^^^^^^^^^^^^^^^^^^^^
  File "/AppForAnalyze/modules/tasks.py", line 106, in dbackup_task
    call_command('dbackup')
  File "/usr/local/lib/python3.12/site-packages/django/core/management/__init__.py", line 194, in call_command
    return command.execute(*args, **defaults)
           ^^^^^^^^^^^^^^^^^^^^^^^^^^^^^^^^^^
  File "/usr/local/lib/python3.12/site-packages/django/core/management/base.py", line 460, in execute
    output = self.handle(*args, **options)
             ^^^^^^^^^^^^^^^^^^^^^^^^^^^^^
  File "/AppForAnalyze/main/management/commands/dbackup.py", line 12, in handle
    call_command(
  File "/usr/local/lib/python3.12/site-packages/django/core/management/__init__.py", line 194, in call_command
    return command.execute(*args, **defaults)
           ^^^^^^^^^^^^^^^^^^^^^^^^^^^^^^^^^^
  File "/usr/local/lib/python3.12/site-packages/django/core/management/base.py", line 460, in execute
    output = self.handle(*args, **options)
             ^^^^^^^^^^^^^^^^^^^^^^^^^^^^^
  File "/usr/local/lib/python3.12/site-packages/django/core/management/commands/dumpdata.py", line 285, in handle
    raise CommandError("Unable to serialize database: %s" % e)
django.core.management.base.CommandError: Unable to serialize database: cursor "_django_curs_140108182154112_sync_1" does not exist

[2025-11-09 14:47:07,313: INFO/MainProcess] Connected to redis://redis:6379/0
[2025-11-09 14:47:07,318: INFO/MainProcess] mingle: searching for neighbors
[2025-11-09 14:47:08,328: INFO/MainProcess] mingle: all alone
[2025-11-09 14:47:08,343: INFO/MainProcess] celery@167ad8a61bff ready.
[2025-11-09 14:57:12,056: ERROR/MainProcess] consumer: Cannot connect to redis://localhost:6379/0: Error 111 connecting to localhost:6379. Connection refused..
Trying again in 2.00 seconds... (1/100)

[2025-11-09 14:57:14,058: ERROR/MainProcess] consumer: Cannot connect to redis://localhost:6379/0: Error 111 connecting to localhost:6379. Connection refused..
Trying again in 4.00 seconds... (2/100)

[2025-11-09 14:57:18,061: ERROR/MainProcess] consumer: Cannot connect to redis://localhost:6379/0: Error 111 connecting to localhost:6379. Connection refused..
Trying again in 6.00 seconds... (3/100)

[2025-11-09 14:57:24,064: ERROR/MainProcess] consumer: Cannot connect to redis://localhost:6379/0: Error 111 connecting to localhost:6379. Connection refused..
Trying again in 8.00 seconds... (4/100)

[2025-11-09 14:57:32,066: ERROR/MainProcess] consumer: Cannot connect to redis://localhost:6379/0: Error 111 connecting to localhost:6379. Connection refused..
Trying again in 10.00 seconds... (5/100)

[2025-11-09 14:57:42,070: ERROR/MainProcess] consumer: Cannot connect to redis://localhost:6379/0: Error 111 connecting to localhost:6379. Connection refused..
Trying again in 12.00 seconds... (6/100)

[2025-11-09 14:57:54,074: ERROR/MainProcess] consumer: Cannot connect to redis://localhost:6379/0: Error 111 connecting to localhost:6379. Connection refused..
Trying again in 14.00 seconds... (7/100)

[2025-11-09 14:59:03,487: INFO/MainProcess] Connected to redis://redis:6379/0
[2025-11-09 14:59:03,491: INFO/MainProcess] mingle: searching for neighbors
[2025-11-09 14:59:04,500: INFO/MainProcess] mingle: all alone
[2025-11-09 14:59:04,516: INFO/MainProcess] celery@4f3fdf403287 ready.
